404
Not Found
Error: Not Found
    at F:\NodeJS\NodeJS系统课程\NodeJS练习\lesson5\express4.x\app.js:47:13
    at Layer.handle [as handle_request] (F:\NodeJS\NodeJS系统课程\NodeJS练习\lesson5\express4.x\node_modules\express\lib\router\layer.js:95:5)
    at trim_prefix (F:\NodeJS\NodeJS系统课程\NodeJS练习\lesson5\express4.x\node_modules\express\lib\router\index.js:312:13)
    at F:\NodeJS\NodeJS系统课程\NodeJS练习\lesson5\express4.x\node_modules\express\lib\router\index.js:280:7
    at Function.process_params (F:\NodeJS\NodeJS系统课程\NodeJS练习\lesson5\express4.x\node_modules\express\lib\router\index.js:330:12)
    at next (F:\NodeJS\NodeJS系统课程\NodeJS练习\lesson5\express4.x\node_modules\express\lib\router\index.js:271:10)
    at F:\NodeJS\NodeJS系统课程\NodeJS练习\lesson5\express4.x\node_modules\express\lib\router\index.js:618:15
    at next (F:\NodeJS\NodeJS系统课程\NodeJS练习\lesson5\express4.x\node_modules\express\lib\router\index.js:256:14)
    at Function.handle (F:\NodeJS\NodeJS系统课程\NodeJS练习\lesson5\express4.x\node_modules\express\lib\router\index.js:176:3)
    at router (F:\NodeJS\NodeJS系统课程\NodeJS练习\lesson5\express4.x\node_modules\express\lib\router\index.js:46:12)
404
Not Found
Error: Not Found
    at F:\NodeJS\NodeJS系统课程\NodeJS练习\lesson5\express4.x\app.js:47:13
    at Layer.handle [as handle_request] (F:\NodeJS\NodeJS系统课程\NodeJS练习\lesson5\express4.x\node_modules\express\lib\router\layer.js:95:5)
    at trim_prefix (F:\NodeJS\NodeJS系统课程\NodeJS练习\lesson5\express4.x\node_modules\express\lib\router\index.js:312:13)
    at F:\NodeJS\NodeJS系统课程\NodeJS练习\lesson5\express4.x\node_modules\express\lib\router\index.js:280:7
    at Function.process_params (F:\NodeJS\NodeJS系统课程\NodeJS练习\lesson5\express4.x\node_modules\express\lib\router\index.js:330:12)
    at next (F:\NodeJS\NodeJS系统课程\NodeJS练习\lesson5\express4.x\node_modules\express\lib\router\index.js:271:10)
    at F:\NodeJS\NodeJS系统课程\NodeJS练习\lesson5\express4.x\node_modules\express\lib\router\index.js:618:15
    at next (F:\NodeJS\NodeJS系统课程\NodeJS练习\lesson5\express4.x\node_modules\express\lib\router\index.js:256:14)
    at Function.handle (F:\NodeJS\NodeJS系统课程\NodeJS练习\lesson5\express4.x\node_modules\express\lib\router\index.js:176:3)
    at router (F:\NodeJS\NodeJS系统课程\NodeJS练习\lesson5\express4.x\node_modules\express\lib\router\index.js:46:12)
404
Not Found
Error: Not Found
    at F:\NodeJS\NodeJS系统课程\NodeJS练习\lesson5\express4.x\app.js:47:13
    at Layer.handle [as handle_request] (F:\NodeJS\NodeJS系统课程\NodeJS练习\lesson5\express4.x\node_modules\express\lib\router\layer.js:95:5)
    at trim_prefix (F:\NodeJS\NodeJS系统课程\NodeJS练习\lesson5\express4.x\node_modules\express\lib\router\index.js:312:13)
    at F:\NodeJS\NodeJS系统课程\NodeJS练习\lesson5\express4.x\node_modules\express\lib\router\index.js:280:7
    at Function.process_params (F:\NodeJS\NodeJS系统课程\NodeJS练习\lesson5\express4.x\node_modules\express\lib\router\index.js:330:12)
    at next (F:\NodeJS\NodeJS系统课程\NodeJS练习\lesson5\express4.x\node_modules\express\lib\router\index.js:271:10)
    at F:\NodeJS\NodeJS系统课程\NodeJS练习\lesson5\express4.x\node_modules\express\lib\router\index.js:618:15
    at next (F:\NodeJS\NodeJS系统课程\NodeJS练习\lesson5\express4.x\node_modules\express\lib\router\index.js:256:14)
    at Function.handle (F:\NodeJS\NodeJS系统课程\NodeJS练习\lesson5\express4.x\node_modules\express\lib\router\index.js:176:3)
    at router (F:\NodeJS\NodeJS系统课程\NodeJS练习\lesson5\express4.x\node_modules\express\lib\router\index.js:46:12)
404
Not Found
Error: Not Found
    at F:\NodeJS\NodeJS系统课程\NodeJS练习\lesson5\express4.x\app.js:47:13
    at Layer.handle [as handle_request] (F:\NodeJS\NodeJS系统课程\NodeJS练习\lesson5\express4.x\node_modules\express\lib\router\layer.js:95:5)
    at trim_prefix (F:\NodeJS\NodeJS系统课程\NodeJS练习\lesson5\express4.x\node_modules\express\lib\router\index.js:312:13)
    at F:\NodeJS\NodeJS系统课程\NodeJS练习\lesson5\express4.x\node_modules\express\lib\router\index.js:280:7
    at Function.process_params (F:\NodeJS\NodeJS系统课程\NodeJS练习\lesson5\express4.x\node_modules\express\lib\router\index.js:330:12)
    at next (F:\NodeJS\NodeJS系统课程\NodeJS练习\lesson5\express4.x\node_modules\express\lib\router\index.js:271:10)
    at F:\NodeJS\NodeJS系统课程\NodeJS练习\lesson5\express4.x\node_modules\express\lib\router\index.js:618:15
    at next (F:\NodeJS\NodeJS系统课程\NodeJS练习\lesson5\express4.x\node_modules\express\lib\router\index.js:256:14)
    at Function.handle (F:\NodeJS\NodeJS系统课程\NodeJS练习\lesson5\express4.x\node_modules\express\lib\router\index.js:176:3)
    at router (F:\NodeJS\NodeJS系统课程\NodeJS练习\lesson5\express4.x\node_modules\express\lib\router\index.js:46:12)
